Arguments: 
  E:\nodejs\node.exe C:\Users\qq319\AppData\Roaming\npm\node_modules\yarn\bin\yarn.js add com commander download-git-repo ora handlebars figlet clear chalk open

PATH: 
  E:\Python\Python39\Scripts\;E:\Python\Python39\;C:\WINDOWS\system32;C:\WINDOWS;C:\WINDOWS\System32\Wbem;C:\WINDOWS\System32\WindowsPowerShell\v1.0\;C:\WINDOWS\System32\OpenSSH\;E:\Git\cmd;E:\nodejs\;C:\Program Files\dotnet\;E:\Git\bin;D:\mysql-8.0.26-winx64\bin;D:\MongoDB\Server\5.0\bin;C:\Windows\System32;C:\Users\qq319\AppData\Local\Yarn\bin;E:\CMake\bin;C:\Users\qq319\AppData\Local\Microsoft\WindowsApps;C:\Users\qq319\AppData\Roaming\npm;;E:\Microsoft VS Code\bin

Yarn version: 
  1.22.11

Node version: 
  14.17.5

Platform: 
  win32 x64

Trace: 
  Error: certificate has expired
      at TLSSocket.onConnectSecure (_tls_wrap.js:1514:34)
      at TLSSocket.emit (events.js:400:28)
      at TLSSocket._finishInit (_tls_wrap.js:936:8)
      at TLSWrap.ssl.onhandshakedone (_tls_wrap.js:708:12)

npm manifest: 
  {
    "name": "vue-auto-router-cli",
    "version": "1.0.0",
    "description": "",
    "main": "cli.js",
    "bin": {
      "cli":"./bin/cli.js"
    },
    "scripts": {
      "test": "echo \"Error: no test specified\" && exit 1"
    },
    "keywords": [],
    "author": "",
    "license": "ISC"
  }

yarn manifest: 
  No manifest

Lockfile: 
  No lockfile
